<?xml version="1.0" encoding="UTF-8"?>
<testsuites>
  <testsuite name="My Login application" timestamp="2023-07-11T23:03:02" time="1.865" tests="1" failures="0" errors="0" skipped="0">
    <properties>
      <property name="specId" value="0"/>
      <property name="suiteName" value="My Login application"/>
      <property name="capabilities" value="chrome.114_0_5735_198.macosx"/>
      <property name="file" value="file://./test/specs/test.e2e.js"/>
    </properties>
    <testcase classname="chrome.114_0_5735_198.macosx.My_Login_application" name="should login with valid credentials" time="1.864">
      <system-out><![CDATA[
COMMAND: POST /session/8311d81f216c5bf89381a4a8d658bed7/url - {"url":"https://the-internet.herokuapp.com/login"}
RESULT: {"url":"https://the-internet.herokuapp.com/login"}
COMMAND: POST /session/8311d81f216c5bf89381a4a8d658bed7/element - {"using":"css selector","value":"#username"}
RESULT: {"using":"css selector","value":"#username"}
COMMAND: POST /session/8311d81f216c5bf89381a4a8d658bed7/element/04B80236132F420FDD72931796CBDD73_element_6/clear - {}
RESULT: {}
COMMAND: POST /session/8311d81f216c5bf89381a4a8d658bed7/element/04B80236132F420FDD72931796CBDD73_element_6/value - {"text":"tomsmith"}
RESULT: {"text":"tomsmith"}
COMMAND: POST /session/8311d81f216c5bf89381a4a8d658bed7/element - {"using":"css selector","value":"#password"}
RESULT: {"using":"css selector","value":"#password"}
COMMAND: POST /session/8311d81f216c5bf89381a4a8d658bed7/element/04B80236132F420FDD72931796CBDD73_element_3/clear - {}
RESULT: {}
COMMAND: POST /session/8311d81f216c5bf89381a4a8d658bed7/element/04B80236132F420FDD72931796CBDD73_element_3/value - {"text":"SuperSecretPassword!"}
RESULT: {"text":"SuperSecretPassword!"}
COMMAND: POST /session/8311d81f216c5bf89381a4a8d658bed7/element - {"using":"css selector","value":"button[type=\"submit\"]"}
RESULT: {"using":"css selector","value":"button[type=\"submit\"]"}
COMMAND: POST /session/8311d81f216c5bf89381a4a8d658bed7/element/04B80236132F420FDD72931796CBDD73_element_8/click - {}
RESULT: {}
COMMAND: POST /session/8311d81f216c5bf89381a4a8d658bed7/element - {"using":"css selector","value":"#flash"}
RESULT: {"using":"css selector","value":"#flash"}
COMMAND: POST /session/8311d81f216c5bf89381a4a8d658bed7/elements - {"using":"css selector","value":"#flash"}
RESULT: {"using":"css selector","value":"#flash"}
COMMAND: POST /session/8311d81f216c5bf89381a4a8d658bed7/element - {"using":"css selector","value":"#flash"}
RESULT: {"using":"css selector","value":"#flash"}
COMMAND: GET /session/8311d81f216c5bf89381a4a8d658bed7/element/B2088093883E7E43E69A5DE7E1C99D8A_element_11/text - {}
RESULT: {}
COMMAND: DELETE /session/8311d81f216c5bf89381a4a8d658bed7 - {}
RESULT: {}
]]></system-out>
    </testcase>
  </testsuite>
</testsuites>